2018-02-27 15:50:13,024 INFO o.a.j.u.JMeterUtils: Setting Locale to en_EN
2018-02-27 15:50:13,080 INFO o.a.j.JMeter: Loading user properties from: /home/hernan/Descargas/apache-jmeter-4.0/bin/user.properties
2018-02-27 15:50:13,081 INFO o.a.j.JMeter: Loading system properties from: /home/hernan/Descargas/apache-jmeter-4.0/bin/system.properties
2018-02-27 15:50:13,086 INFO o.a.j.JMeter: Copyright (c) 1998-2018 The Apache Software Foundation
2018-02-27 15:50:13,086 INFO o.a.j.JMeter: Version 4.0 r1823414
2018-02-27 15:50:13,086 INFO o.a.j.JMeter: java.version=1.8.0_161
2018-02-27 15:50:13,086 INFO o.a.j.JMeter: java.vm.name=OpenJDK 64-Bit Server VM
2018-02-27 15:50:13,086 INFO o.a.j.JMeter: os.name=Linux
2018-02-27 15:50:13,086 INFO o.a.j.JMeter: os.arch=amd64
2018-02-27 15:50:13,086 INFO o.a.j.JMeter: os.version=4.14.18-300.fc27.x86_64
2018-02-27 15:50:13,086 INFO o.a.j.JMeter: file.encoding=UTF-8
2018-02-27 15:50:13,087 INFO o.a.j.JMeter: Max memory     =1073741824
2018-02-27 15:50:13,087 INFO o.a.j.JMeter: Available Processors =4
2018-02-27 15:50:13,092 INFO o.a.j.JMeter: Default Locale=English (EN)
2018-02-27 15:50:13,092 INFO o.a.j.JMeter: JMeter  Locale=English (EN)
2018-02-27 15:50:13,093 INFO o.a.j.JMeter: JMeterHome=/home/hernan/Descargas/apache-jmeter-4.0
2018-02-27 15:50:13,093 INFO o.a.j.JMeter: user.dir  =/home/hernan/Documentos/www/moodle33/theme/crisp
2018-02-27 15:50:13,093 INFO o.a.j.JMeter: PWD       =/home/hernan/Documentos/www/moodle33/theme/crisp
2018-02-27 15:50:13,297 INFO o.a.j.JMeter: IP: 10.162.9.235 Name: d044 FullName: d044
2018-02-27 15:50:13,901 INFO o.a.j.g.a.LookAndFeelCommand: Installing Darcula LAF
2018-02-27 15:50:13,964 INFO o.a.j.g.a.LookAndFeelCommand: Using look and feel: com.bulenkov.darcula.DarculaLaf [Darcula]
2018-02-27 15:50:13,964 INFO o.a.j.JMeter: Setting LAF to: com.bulenkov.darcula.DarculaLaf
2018-02-27 15:50:14,130 INFO o.a.j.JMeter: Loaded icon properties from org/apache/jmeter/images/icon.properties
2018-02-27 15:50:14,557 INFO o.a.j.e.u.CompoundVariable: Note: Function class names must contain the string: '.functions.'
2018-02-27 15:50:14,557 INFO o.a.j.e.u.CompoundVariable: Note: Function class names must not contain the string: '.gui.'
2018-02-27 15:50:16,224 INFO o.a.j.p.h.s.HTTPSamplerBase: Parser for text/html is org.apache.jmeter.protocol.http.parser.LagartoBasedHtmlParser
2018-02-27 15:50:16,224 INFO o.a.j.p.h.s.HTTPSamplerBase: Parser for application/xhtml+xml is org.apache.jmeter.protocol.http.parser.LagartoBasedHtmlParser
2018-02-27 15:50:16,225 INFO o.a.j.p.h.s.HTTPSamplerBase: Parser for application/xml is org.apache.jmeter.protocol.http.parser.LagartoBasedHtmlParser
2018-02-27 15:50:16,225 INFO o.a.j.p.h.s.HTTPSamplerBase: Parser for text/xml is org.apache.jmeter.protocol.http.parser.LagartoBasedHtmlParser
2018-02-27 15:50:16,225 INFO o.a.j.p.h.s.HTTPSamplerBase: Parser for text/vnd.wap.wml is org.apache.jmeter.protocol.http.parser.RegexpHTMLParser
2018-02-27 15:50:16,225 INFO o.a.j.p.h.s.HTTPSamplerBase: Parser for text/css is org.apache.jmeter.protocol.http.parser.CssParser
2018-02-27 15:50:16,592 INFO o.a.j.e.KeyToolUtils: keytool found at 'keytool'
2018-02-27 15:50:16,593 INFO o.a.j.p.h.p.ProxyControl: HTTP(S) Test Script Recorder SSL Proxy will use keys that support embedded 3rd party resources in file /home/hernan/Descargas/apache-jmeter-4.0/bin/proxyserver.jks
2018-02-27 15:50:16,683 INFO o.a.j.s.FileServer: Default base='/home/hernan/Documentos/www/moodle33/theme/crisp'
2018-02-27 15:50:16,944 INFO o.a.j.s.SampleResult: Note: Sample TimeStamps are START times
2018-02-27 15:50:16,944 INFO o.a.j.s.SampleResult: sampleresult.default.encoding is set to ISO-8859-1
2018-02-27 15:50:16,944 INFO o.a.j.s.SampleResult: sampleresult.useNanoTime=true
2018-02-27 15:50:16,944 INFO o.a.j.s.SampleResult: sampleresult.nanoThreadSleep=5000
2018-02-27 15:50:16,977 WARN o.a.j.v.ViewResultsFullVisualizer: Error loading result renderer: org.apache.jmeter.visualizers.RenderInBrowser
java.lang.NoClassDefFoundError: javafx/embed/swing/JFXPanel
	at java.lang.Class.forName0(Native Method) ~[?:1.8.0_161]
	at java.lang.Class.forName(Class.java:264) ~[?:1.8.0_161]
	at org.apache.jmeter.visualizers.ViewResultsFullVisualizer.createComboRender(ViewResultsFullVisualizer.java:462) ~[ApacheJMeter_components.jar:4.0 r1823414]
	at org.apache.jmeter.visualizers.ViewResultsFullVisualizer.createLeftPanel(ViewResultsFullVisualizer.java:430) ~[ApacheJMeter_components.jar:4.0 r1823414]
	at org.apache.jmeter.visualizers.ViewResultsFullVisualizer.init(ViewResultsFullVisualizer.java:342) ~[ApacheJMeter_components.jar:4.0 r1823414]
	at org.apache.jmeter.visualizers.ViewResultsFullVisualizer.<init>(ViewResultsFullVisualizer.java:147) ~[ApacheJMeter_components.jar:4.0 r1823414]
	at sun.reflect.NativeConstructorAccessorImpl.newInstance0(Native Method) ~[?:1.8.0_161]
	at sun.reflect.NativeConstructorAccessorImpl.newInstance(NativeConstructorAccessorImpl.java:62) ~[?:1.8.0_161]
	at sun.reflect.DelegatingConstructorAccessorImpl.newInstance(DelegatingConstructorAccessorImpl.java:45) ~[?:1.8.0_161]
	at java.lang.reflect.Constructor.newInstance(Constructor.java:423) ~[?:1.8.0_161]
	at java.lang.Class.newInstance(Class.java:442) ~[?:1.8.0_161]
	at org.apache.jmeter.gui.util.MenuFactory.getGUIComponent(MenuFactory.java:174) ~[ApacheJMeter_core.jar:4.0 r1823414]
	at org.apache.jmeter.gui.util.MenuFactory.initializeMenus(MenuFactory.java:141) ~[ApacheJMeter_core.jar:4.0 r1823414]
	at org.apache.jmeter.gui.util.MenuFactory.<clinit>(MenuFactory.java:106) ~[ApacheJMeter_core.jar:4.0 r1823414]
	at org.apache.jmeter.control.gui.TestPlanGui.createPopupMenu(TestPlanGui.java:92) ~[ApacheJMeter_core.jar:4.0 r1823414]
	at org.apache.jmeter.gui.tree.JMeterTreeNode.createPopupMenu(JMeterTreeNode.java:155) ~[ApacheJMeter_core.jar:4.0 r1823414]
	at org.apache.jmeter.gui.action.EditCommand.doAction(EditCommand.java:46) ~[ApacheJMeter_core.jar:4.0 r1823414]
	at org.apache.jmeter.gui.action.ActionRouter.performAction(ActionRouter.java:88) ~[ApacheJMeter_core.jar:4.0 r1823414]
	at org.apache.jmeter.gui.action.ActionRouter.lambda$actionPerformed$0(ActionRouter.java:70) ~[ApacheJMeter_core.jar:4.0 r1823414]
	at java.awt.event.InvocationEvent.dispatch(InvocationEvent.java:311) [?:1.8.0_161]
	at java.awt.EventQueue.dispatchEventImpl(EventQueue.java:756) [?:1.8.0_161]
	at java.awt.EventQueue.access$500(EventQueue.java:97) [?:1.8.0_161]
	at java.awt.EventQueue$3.run(EventQueue.java:709) [?:1.8.0_161]
	at java.awt.EventQueue$3.run(EventQueue.java:703) [?:1.8.0_161]
	at java.security.AccessController.doPrivileged(Native Method) [?:1.8.0_161]
	at java.security.ProtectionDomain$JavaSecurityAccessImpl.doIntersectionPrivilege(ProtectionDomain.java:80) [?:1.8.0_161]
	at java.awt.EventQueue.dispatchEvent(EventQueue.java:726) [?:1.8.0_161]
	at java.awt.EventDispatchThread.pumpOneEventForFilters(EventDispatchThread.java:201) [?:1.8.0_161]
	at java.awt.EventDispatchThread.pumpEventsForFilter(EventDispatchThread.java:116) [?:1.8.0_161]
	at java.awt.EventDispatchThread.pumpEventsForHierarchy(EventDispatchThread.java:105) [?:1.8.0_161]
	at java.awt.EventDispatchThread.pumpEvents(EventDispatchThread.java:101) [?:1.8.0_161]
	at java.awt.EventDispatchThread.pumpEvents(EventDispatchThread.java:93) [?:1.8.0_161]
	at java.awt.EventDispatchThread.run(EventDispatchThread.java:82) [?:1.8.0_161]
Caused by: java.lang.ClassNotFoundException: javafx.embed.swing.JFXPanel
	at java.net.URLClassLoader.findClass(URLClassLoader.java:381) ~[?:1.8.0_161]
	at java.lang.ClassLoader.loadClass(ClassLoader.java:424) ~[?:1.8.0_161]
	at java.lang.ClassLoader.loadClass(ClassLoader.java:357) ~[?:1.8.0_161]
	... 33 more
2018-02-27 15:50:46,722 INFO o.a.j.g.a.t.TemplateManager: Reading templates from: /home/hernan/Descargas/apache-jmeter-4.0/bin/templates/templates.xml
2018-02-27 15:51:52,095 INFO o.a.j.s.FileServer: Set new base='/home/hernan/Escritorio'
2018-02-27 15:51:52,107 INFO o.a.j.s.SaveService: Testplan (JMX) version: 2.2. Testlog (JTL) version: 2.2
2018-02-27 15:51:52,141 INFO o.a.j.s.SaveService: Using SaveService properties file encoding UTF-8
2018-02-27 15:51:52,143 INFO o.a.j.s.SaveService: Using SaveService properties version 4.0
2018-02-27 15:51:52,163 INFO o.a.j.e.StandardJMeterEngine: Running the test!
2018-02-27 15:51:52,163 INFO o.a.j.s.SampleEvent: List of sample_variables: []
2018-02-27 15:51:52,163 INFO o.a.j.s.SampleEvent: List of sample_variables: []
2018-02-27 15:51:52,165 INFO o.a.j.g.u.JMeterMenuBar: setRunning(true, *local*)
2018-02-27 15:51:52,265 INFO o.a.j.e.StandardJMeterEngine: Starting ThreadGroup: 1 : Thread Group
2018-02-27 15:51:52,266 INFO o.a.j.e.StandardJMeterEngine: Starting 100 threads for group Thread Group.
2018-02-27 15:51:52,266 INFO o.a.j.e.StandardJMeterEngine: Thread will continue on error
2018-02-27 15:51:52,266 INFO o.a.j.t.ThreadGroup: Starting thread group... number=1 threads=100 ramp-up=1 perThread=10.0 delayedStart=false
2018-02-27 15:51:52,268 INFO o.a.j.t.JMeterThread: Thread started: Thread Group 1-1
2018-02-27 15:51:52,269 INFO o.a.j.t.JMeterThread: Thread is done: Thread Group 1-1
2018-02-27 15:51:52,270 INFO o.a.j.t.JMeterThread: Thread finished: Thread Group 1-1
2018-02-27 15:51:52,281 INFO o.a.j.t.JMeterThread: Thread started: Thread Group 1-2
2018-02-27 15:51:52,282 INFO o.a.j.t.JMeterThread: Thread is done: Thread Group 1-2
2018-02-27 15:51:52,282 INFO o.a.j.t.JMeterThread: Thread finished: Thread Group 1-2
2018-02-27 15:51:52,291 INFO o.a.j.t.JMeterThread: Thread started: Thread Group 1-3
2018-02-27 15:51:52,292 INFO o.a.j.t.JMeterThread: Thread is done: Thread Group 1-3
2018-02-27 15:51:52,292 INFO o.a.j.t.JMeterThread: Thread finished: Thread Group 1-3
2018-02-27 15:51:52,301 INFO o.a.j.t.JMeterThread: Thread started: Thread Group 1-4
2018-02-27 15:51:52,302 INFO o.a.j.t.JMeterThread: Thread is done: Thread Group 1-4
2018-02-27 15:51:52,302 INFO o.a.j.t.JMeterThread: Thread finished: Thread Group 1-4
2018-02-27 15:51:52,312 INFO o.a.j.t.JMeterThread: Thread started: Thread Group 1-5
2018-02-27 15:51:52,312 INFO o.a.j.t.JMeterThread: Thread is done: Thread Group 1-5
2018-02-27 15:51:52,312 INFO o.a.j.t.JMeterThread: Thread finished: Thread Group 1-5
2018-02-27 15:51:52,322 INFO o.a.j.t.JMeterThread: Thread started: Thread Group 1-6
2018-02-27 15:51:52,322 INFO o.a.j.t.JMeterThread: Thread is done: Thread Group 1-6
2018-02-27 15:51:52,322 INFO o.a.j.t.JMeterThread: Thread finished: Thread Group 1-6
2018-02-27 15:51:52,332 INFO o.a.j.t.JMeterThread: Thread started: Thread Group 1-7
2018-02-27 15:51:52,332 INFO o.a.j.t.JMeterThread: Thread is done: Thread Group 1-7
2018-02-27 15:51:52,333 INFO o.a.j.t.JMeterThread: Thread finished: Thread Group 1-7
2018-02-27 15:51:52,343 INFO o.a.j.t.JMeterThread: Thread started: Thread Group 1-8
2018-02-27 15:51:52,343 INFO o.a.j.t.JMeterThread: Thread is done: Thread Group 1-8
2018-02-27 15:51:52,343 INFO o.a.j.t.JMeterThread: Thread finished: Thread Group 1-8
2018-02-27 15:51:52,346 INFO o.a.j.t.ThreadGroup: Started thread group number 1
2018-02-27 15:51:52,346 INFO o.a.j.e.StandardJMeterEngine: All thread groups have been started
2018-02-27 15:51:52,352 INFO o.a.j.t.JMeterThread: Thread started: Thread Group 1-9
2018-02-27 15:51:52,353 INFO o.a.j.t.JMeterThread: Thread is done: Thread Group 1-9
2018-02-27 15:51:52,353 INFO o.a.j.t.JMeterThread: Thread finished: Thread Group 1-9
2018-02-27 15:51:52,362 INFO o.a.j.t.JMeterThread: Thread started: Thread Group 1-10
2018-02-27 15:51:52,363 INFO o.a.j.t.JMeterThread: Thread is done: Thread Group 1-10
2018-02-27 15:51:52,363 INFO o.a.j.t.JMeterThread: Thread finished: Thread Group 1-10
2018-02-27 15:51:52,372 INFO o.a.j.t.JMeterThread: Thread started: Thread Group 1-11
2018-02-27 15:51:52,373 INFO o.a.j.t.JMeterThread: Thread is done: Thread Group 1-11
2018-02-27 15:51:52,373 INFO o.a.j.t.JMeterThread: Thread finished: Thread Group 1-11
2018-02-27 15:51:52,382 INFO o.a.j.t.JMeterThread: Thread started: Thread Group 1-12
2018-02-27 15:51:52,383 INFO o.a.j.t.JMeterThread: Thread is done: Thread Group 1-12
2018-02-27 15:51:52,383 INFO o.a.j.t.JMeterThread: Thread finished: Thread Group 1-12
2018-02-27 15:51:52,393 INFO o.a.j.t.JMeterThread: Thread started: Thread Group 1-13
2018-02-27 15:51:52,393 INFO o.a.j.t.JMeterThread: Thread is done: Thread Group 1-13
2018-02-27 15:51:52,393 INFO o.a.j.t.JMeterThread: Thread finished: Thread Group 1-13
2018-02-27 15:51:52,404 INFO o.a.j.t.JMeterThread: Thread started: Thread Group 1-14
2018-02-27 15:51:52,405 INFO o.a.j.t.JMeterThread: Thread is done: Thread Group 1-14
2018-02-27 15:51:52,405 INFO o.a.j.t.JMeterThread: Thread finished: Thread Group 1-14
2018-02-27 15:51:52,416 INFO o.a.j.t.JMeterThread: Thread started: Thread Group 1-15
2018-02-27 15:51:52,417 INFO o.a.j.t.JMeterThread: Thread is done: Thread Group 1-15
2018-02-27 15:51:52,417 INFO o.a.j.t.JMeterThread: Thread finished: Thread Group 1-15
2018-02-27 15:51:52,426 INFO o.a.j.t.JMeterThread: Thread started: Thread Group 1-16
2018-02-27 15:51:52,427 INFO o.a.j.t.JMeterThread: Thread is done: Thread Group 1-16
2018-02-27 15:51:52,427 INFO o.a.j.t.JMeterThread: Thread finished: Thread Group 1-16
2018-02-27 15:51:52,437 INFO o.a.j.t.JMeterThread: Thread started: Thread Group 1-17
2018-02-27 15:51:52,437 INFO o.a.j.t.JMeterThread: Thread is done: Thread Group 1-17
2018-02-27 15:51:52,438 INFO o.a.j.t.JMeterThread: Thread finished: Thread Group 1-17
2018-02-27 15:51:52,447 INFO o.a.j.t.JMeterThread: Thread started: Thread Group 1-18
2018-02-27 15:51:52,447 INFO o.a.j.t.JMeterThread: Thread is done: Thread Group 1-18
2018-02-27 15:51:52,447 INFO o.a.j.t.JMeterThread: Thread finished: Thread Group 1-18
2018-02-27 15:51:52,457 INFO o.a.j.t.JMeterThread: Thread started: Thread Group 1-19
2018-02-27 15:51:52,457 INFO o.a.j.t.JMeterThread: Thread is done: Thread Group 1-19
2018-02-27 15:51:52,457 INFO o.a.j.t.JMeterThread: Thread finished: Thread Group 1-19
2018-02-27 15:51:52,467 INFO o.a.j.t.JMeterThread: Thread started: Thread Group 1-20
2018-02-27 15:51:52,468 INFO o.a.j.t.JMeterThread: Thread is done: Thread Group 1-20
2018-02-27 15:51:52,468 INFO o.a.j.t.JMeterThread: Thread finished: Thread Group 1-20
2018-02-27 15:51:52,477 INFO o.a.j.t.JMeterThread: Thread started: Thread Group 1-21
2018-02-27 15:51:52,478 INFO o.a.j.t.JMeterThread: Thread is done: Thread Group 1-21
2018-02-27 15:51:52,478 INFO o.a.j.t.JMeterThread: Thread finished: Thread Group 1-21
2018-02-27 15:51:52,488 INFO o.a.j.t.JMeterThread: Thread started: Thread Group 1-22
2018-02-27 15:51:52,489 INFO o.a.j.t.JMeterThread: Thread is done: Thread Group 1-22
2018-02-27 15:51:52,489 INFO o.a.j.t.JMeterThread: Thread finished: Thread Group 1-22
2018-02-27 15:51:52,498 INFO o.a.j.t.JMeterThread: Thread started: Thread Group 1-23
2018-02-27 15:51:52,498 INFO o.a.j.t.JMeterThread: Thread is done: Thread Group 1-23
2018-02-27 15:51:52,499 INFO o.a.j.t.JMeterThread: Thread finished: Thread Group 1-23
2018-02-27 15:51:52,508 INFO o.a.j.t.JMeterThread: Thread started: Thread Group 1-24
2018-02-27 15:51:52,509 INFO o.a.j.t.JMeterThread: Thread is done: Thread Group 1-24
2018-02-27 15:51:52,509 INFO o.a.j.t.JMeterThread: Thread finished: Thread Group 1-24
2018-02-27 15:51:52,519 INFO o.a.j.t.JMeterThread: Thread started: Thread Group 1-25
2018-02-27 15:51:52,519 INFO o.a.j.t.JMeterThread: Thread is done: Thread Group 1-25
2018-02-27 15:51:52,520 INFO o.a.j.t.JMeterThread: Thread finished: Thread Group 1-25
2018-02-27 15:51:52,529 INFO o.a.j.t.JMeterThread: Thread started: Thread Group 1-26
2018-02-27 15:51:52,529 INFO o.a.j.t.JMeterThread: Thread is done: Thread Group 1-26
2018-02-27 15:51:52,530 INFO o.a.j.t.JMeterThread: Thread finished: Thread Group 1-26
2018-02-27 15:51:52,539 INFO o.a.j.t.JMeterThread: Thread started: Thread Group 1-27
2018-02-27 15:51:52,540 INFO o.a.j.t.JMeterThread: Thread is done: Thread Group 1-27
2018-02-27 15:51:52,540 INFO o.a.j.t.JMeterThread: Thread finished: Thread Group 1-27
2018-02-27 15:51:52,549 INFO o.a.j.t.JMeterThread: Thread started: Thread Group 1-28
2018-02-27 15:51:52,550 INFO o.a.j.t.JMeterThread: Thread is done: Thread Group 1-28
2018-02-27 15:51:52,550 INFO o.a.j.t.JMeterThread: Thread finished: Thread Group 1-28
2018-02-27 15:51:52,560 INFO o.a.j.t.JMeterThread: Thread started: Thread Group 1-29
2018-02-27 15:51:52,560 INFO o.a.j.t.JMeterThread: Thread is done: Thread Group 1-29
2018-02-27 15:51:52,560 INFO o.a.j.t.JMeterThread: Thread finished: Thread Group 1-29
2018-02-27 15:51:52,570 INFO o.a.j.t.JMeterThread: Thread started: Thread Group 1-30
2018-02-27 15:51:52,571 INFO o.a.j.t.JMeterThread: Thread is done: Thread Group 1-30
2018-02-27 15:51:52,571 INFO o.a.j.t.JMeterThread: Thread finished: Thread Group 1-30
2018-02-27 15:51:52,580 INFO o.a.j.t.JMeterThread: Thread started: Thread Group 1-31
2018-02-27 15:51:52,581 INFO o.a.j.t.JMeterThread: Thread is done: Thread Group 1-31
2018-02-27 15:51:52,581 INFO o.a.j.t.JMeterThread: Thread finished: Thread Group 1-31
2018-02-27 15:51:52,591 INFO o.a.j.t.JMeterThread: Thread started: Thread Group 1-32
2018-02-27 15:51:52,592 INFO o.a.j.t.JMeterThread: Thread is done: Thread Group 1-32
2018-02-27 15:51:52,592 INFO o.a.j.t.JMeterThread: Thread finished: Thread Group 1-32
2018-02-27 15:51:52,601 INFO o.a.j.t.JMeterThread: Thread started: Thread Group 1-33
2018-02-27 15:51:52,602 INFO o.a.j.t.JMeterThread: Thread is done: Thread Group 1-33
2018-02-27 15:51:52,602 INFO o.a.j.t.JMeterThread: Thread finished: Thread Group 1-33
2018-02-27 15:51:52,612 INFO o.a.j.t.JMeterThread: Thread started: Thread Group 1-34
2018-02-27 15:51:52,612 INFO o.a.j.t.JMeterThread: Thread is done: Thread Group 1-34
2018-02-27 15:51:52,612 INFO o.a.j.t.JMeterThread: Thread finished: Thread Group 1-34
2018-02-27 15:51:52,623 INFO o.a.j.t.JMeterThread: Thread started: Thread Group 1-35
2018-02-27 15:51:52,623 INFO o.a.j.t.JMeterThread: Thread is done: Thread Group 1-35
2018-02-27 15:51:52,623 INFO o.a.j.t.JMeterThread: Thread finished: Thread Group 1-35
2018-02-27 15:51:52,634 INFO o.a.j.t.JMeterThread: Thread started: Thread Group 1-36
2018-02-27 15:51:52,634 INFO o.a.j.t.JMeterThread: Thread is done: Thread Group 1-36
2018-02-27 15:51:52,634 INFO o.a.j.t.JMeterThread: Thread finished: Thread Group 1-36
2018-02-27 15:51:52,644 INFO o.a.j.t.JMeterThread: Thread started: Thread Group 1-37
2018-02-27 15:51:52,645 INFO o.a.j.t.JMeterThread: Thread is done: Thread Group 1-37
2018-02-27 15:51:52,645 INFO o.a.j.t.JMeterThread: Thread finished: Thread Group 1-37
2018-02-27 15:51:52,654 INFO o.a.j.t.JMeterThread: Thread started: Thread Group 1-38
2018-02-27 15:51:52,654 INFO o.a.j.t.JMeterThread: Thread is done: Thread Group 1-38
2018-02-27 15:51:52,654 INFO o.a.j.t.JMeterThread: Thread finished: Thread Group 1-38
2018-02-27 15:51:52,664 INFO o.a.j.t.JMeterThread: Thread started: Thread Group 1-39
2018-02-27 15:51:52,664 INFO o.a.j.t.JMeterThread: Thread is done: Thread Group 1-39
2018-02-27 15:51:52,664 INFO o.a.j.t.JMeterThread: Thread finished: Thread Group 1-39
2018-02-27 15:51:52,674 INFO o.a.j.t.JMeterThread: Thread started: Thread Group 1-40
2018-02-27 15:51:52,674 INFO o.a.j.t.JMeterThread: Thread is done: Thread Group 1-40
2018-02-27 15:51:52,674 INFO o.a.j.t.JMeterThread: Thread finished: Thread Group 1-40
2018-02-27 15:51:52,684 INFO o.a.j.t.JMeterThread: Thread started: Thread Group 1-41
2018-02-27 15:51:52,684 INFO o.a.j.t.JMeterThread: Thread is done: Thread Group 1-41
2018-02-27 15:51:52,685 INFO o.a.j.t.JMeterThread: Thread finished: Thread Group 1-41
2018-02-27 15:51:52,694 INFO o.a.j.t.JMeterThread: Thread started: Thread Group 1-42
2018-02-27 15:51:52,694 INFO o.a.j.t.JMeterThread: Thread is done: Thread Group 1-42
2018-02-27 15:51:52,695 INFO o.a.j.t.JMeterThread: Thread finished: Thread Group 1-42
2018-02-27 15:51:52,704 INFO o.a.j.t.JMeterThread: Thread started: Thread Group 1-43
2018-02-27 15:51:52,704 INFO o.a.j.t.JMeterThread: Thread is done: Thread Group 1-43
2018-02-27 15:51:52,705 INFO o.a.j.t.JMeterThread: Thread finished: Thread Group 1-43
2018-02-27 15:51:52,714 INFO o.a.j.t.JMeterThread: Thread started: Thread Group 1-44
2018-02-27 15:51:52,715 INFO o.a.j.t.JMeterThread: Thread is done: Thread Group 1-44
2018-02-27 15:51:52,715 INFO o.a.j.t.JMeterThread: Thread finished: Thread Group 1-44
2018-02-27 15:51:52,724 INFO o.a.j.t.JMeterThread: Thread started: Thread Group 1-45
2018-02-27 15:51:52,725 INFO o.a.j.t.JMeterThread: Thread is done: Thread Group 1-45
2018-02-27 15:51:52,725 INFO o.a.j.t.JMeterThread: Thread finished: Thread Group 1-45
2018-02-27 15:51:52,734 INFO o.a.j.t.JMeterThread: Thread started: Thread Group 1-46
2018-02-27 15:51:52,735 INFO o.a.j.t.JMeterThread: Thread is done: Thread Group 1-46
2018-02-27 15:51:52,735 INFO o.a.j.t.JMeterThread: Thread finished: Thread Group 1-46
2018-02-27 15:51:52,744 INFO o.a.j.t.JMeterThread: Thread started: Thread Group 1-47
2018-02-27 15:51:52,745 INFO o.a.j.t.JMeterThread: Thread is done: Thread Group 1-47
2018-02-27 15:51:52,745 INFO o.a.j.t.JMeterThread: Thread finished: Thread Group 1-47
2018-02-27 15:51:52,755 INFO o.a.j.t.JMeterThread: Thread started: Thread Group 1-48
2018-02-27 15:51:52,755 INFO o.a.j.t.JMeterThread: Thread is done: Thread Group 1-48
2018-02-27 15:51:52,755 INFO o.a.j.t.JMeterThread: Thread finished: Thread Group 1-48
2018-02-27 15:51:52,765 INFO o.a.j.t.JMeterThread: Thread started: Thread Group 1-49
2018-02-27 15:51:52,765 INFO o.a.j.t.JMeterThread: Thread is done: Thread Group 1-49
2018-02-27 15:51:52,765 INFO o.a.j.t.JMeterThread: Thread finished: Thread Group 1-49
2018-02-27 15:51:52,775 INFO o.a.j.t.JMeterThread: Thread started: Thread Group 1-50
2018-02-27 15:51:52,775 INFO o.a.j.t.JMeterThread: Thread is done: Thread Group 1-50
2018-02-27 15:51:52,775 INFO o.a.j.t.JMeterThread: Thread finished: Thread Group 1-50
2018-02-27 15:51:52,785 INFO o.a.j.t.JMeterThread: Thread started: Thread Group 1-51
2018-02-27 15:51:52,786 INFO o.a.j.t.JMeterThread: Thread is done: Thread Group 1-51
2018-02-27 15:51:52,786 INFO o.a.j.t.JMeterThread: Thread finished: Thread Group 1-51
2018-02-27 15:51:52,801 INFO o.a.j.t.JMeterThread: Thread started: Thread Group 1-52
2018-02-27 15:51:52,802 INFO o.a.j.t.JMeterThread: Thread is done: Thread Group 1-52
2018-02-27 15:51:52,802 INFO o.a.j.t.JMeterThread: Thread finished: Thread Group 1-52
2018-02-27 15:51:52,821 INFO o.a.j.t.JMeterThread: Thread started: Thread Group 1-53
2018-02-27 15:51:52,822 INFO o.a.j.t.JMeterThread: Thread is done: Thread Group 1-53
2018-02-27 15:51:52,822 INFO o.a.j.t.JMeterThread: Thread finished: Thread Group 1-53
2018-02-27 15:51:52,839 INFO o.a.j.t.JMeterThread: Thread started: Thread Group 1-54
2018-02-27 15:51:52,839 INFO o.a.j.t.JMeterThread: Thread is done: Thread Group 1-54
2018-02-27 15:51:52,839 INFO o.a.j.t.JMeterThread: Thread finished: Thread Group 1-54
2018-02-27 15:51:52,843 INFO o.a.j.t.JMeterThread: Thread started: Thread Group 1-55
2018-02-27 15:51:52,844 INFO o.a.j.t.JMeterThread: Thread is done: Thread Group 1-55
2018-02-27 15:51:52,844 INFO o.a.j.t.JMeterThread: Thread finished: Thread Group 1-55
2018-02-27 15:51:52,854 INFO o.a.j.t.JMeterThread: Thread started: Thread Group 1-56
2018-02-27 15:51:52,854 INFO o.a.j.t.JMeterThread: Thread is done: Thread Group 1-56
2018-02-27 15:51:52,854 INFO o.a.j.t.JMeterThread: Thread finished: Thread Group 1-56
2018-02-27 15:51:52,864 INFO o.a.j.t.JMeterThread: Thread started: Thread Group 1-57
2018-02-27 15:51:52,864 INFO o.a.j.t.JMeterThread: Thread is done: Thread Group 1-57
2018-02-27 15:51:52,865 INFO o.a.j.t.JMeterThread: Thread finished: Thread Group 1-57
2018-02-27 15:51:52,879 INFO o.a.j.t.JMeterThread: Thread started: Thread Group 1-58
2018-02-27 15:51:52,879 INFO o.a.j.t.JMeterThread: Thread is done: Thread Group 1-58
2018-02-27 15:51:52,880 INFO o.a.j.t.JMeterThread: Thread finished: Thread Group 1-58
2018-02-27 15:51:52,890 INFO o.a.j.t.JMeterThread: Thread started: Thread Group 1-59
2018-02-27 15:51:52,890 INFO o.a.j.t.JMeterThread: Thread is done: Thread Group 1-59
2018-02-27 15:51:52,890 INFO o.a.j.t.JMeterThread: Thread finished: Thread Group 1-59
2018-02-27 15:51:52,899 INFO o.a.j.t.JMeterThread: Thread started: Thread Group 1-60
2018-02-27 15:51:52,900 INFO o.a.j.t.JMeterThread: Thread is done: Thread Group 1-60
2018-02-27 15:51:52,900 INFO o.a.j.t.JMeterThread: Thread finished: Thread Group 1-60
2018-02-27 15:51:52,909 INFO o.a.j.t.JMeterThread: Thread started: Thread Group 1-61
2018-02-27 15:51:52,910 INFO o.a.j.t.JMeterThread: Thread is done: Thread Group 1-61
2018-02-27 15:51:52,910 INFO o.a.j.t.JMeterThread: Thread finished: Thread Group 1-61
2018-02-27 15:51:52,920 INFO o.a.j.t.JMeterThread: Thread started: Thread Group 1-62
2018-02-27 15:51:52,920 INFO o.a.j.t.JMeterThread: Thread is done: Thread Group 1-62
2018-02-27 15:51:52,920 INFO o.a.j.t.JMeterThread: Thread finished: Thread Group 1-62
2018-02-27 15:51:52,930 INFO o.a.j.t.JMeterThread: Thread started: Thread Group 1-63
2018-02-27 15:51:52,930 INFO o.a.j.t.JMeterThread: Thread is done: Thread Group 1-63
2018-02-27 15:51:52,930 INFO o.a.j.t.JMeterThread: Thread finished: Thread Group 1-63
2018-02-27 15:51:52,940 INFO o.a.j.t.JMeterThread: Thread started: Thread Group 1-64
2018-02-27 15:51:52,940 INFO o.a.j.t.JMeterThread: Thread is done: Thread Group 1-64
2018-02-27 15:51:52,940 INFO o.a.j.t.JMeterThread: Thread finished: Thread Group 1-64
2018-02-27 15:51:52,951 INFO o.a.j.t.JMeterThread: Thread started: Thread Group 1-65
2018-02-27 15:51:52,952 INFO o.a.j.t.JMeterThread: Thread is done: Thread Group 1-65
2018-02-27 15:51:52,952 INFO o.a.j.t.JMeterThread: Thread finished: Thread Group 1-65
2018-02-27 15:51:52,963 INFO o.a.j.t.JMeterThread: Thread started: Thread Group 1-66
2018-02-27 15:51:52,963 INFO o.a.j.t.JMeterThread: Thread is done: Thread Group 1-66
2018-02-27 15:51:52,963 INFO o.a.j.t.JMeterThread: Thread finished: Thread Group 1-66
2018-02-27 15:51:52,976 INFO o.a.j.t.JMeterThread: Thread started: Thread Group 1-67
2018-02-27 15:51:52,976 INFO o.a.j.t.JMeterThread: Thread is done: Thread Group 1-67
2018-02-27 15:51:52,976 INFO o.a.j.t.JMeterThread: Thread finished: Thread Group 1-67
2018-02-27 15:51:52,987 INFO o.a.j.t.JMeterThread: Thread started: Thread Group 1-68
2018-02-27 15:51:52,987 INFO o.a.j.t.JMeterThread: Thread is done: Thread Group 1-68
2018-02-27 15:51:52,988 INFO o.a.j.t.JMeterThread: Thread finished: Thread Group 1-68
2018-02-27 15:51:52,999 INFO o.a.j.t.JMeterThread: Thread started: Thread Group 1-69
2018-02-27 15:51:53,000 INFO o.a.j.t.JMeterThread: Thread is done: Thread Group 1-69
2018-02-27 15:51:53,000 INFO o.a.j.t.JMeterThread: Thread finished: Thread Group 1-69
2018-02-27 15:51:53,011 INFO o.a.j.t.JMeterThread: Thread started: Thread Group 1-70
2018-02-27 15:51:53,011 INFO o.a.j.t.JMeterThread: Thread is done: Thread Group 1-70
2018-02-27 15:51:53,011 INFO o.a.j.t.JMeterThread: Thread finished: Thread Group 1-70
2018-02-27 15:51:53,021 INFO o.a.j.t.JMeterThread: Thread started: Thread Group 1-71
2018-02-27 15:51:53,022 INFO o.a.j.t.JMeterThread: Thread is done: Thread Group 1-71
2018-02-27 15:51:53,022 INFO o.a.j.t.JMeterThread: Thread finished: Thread Group 1-71
2018-02-27 15:51:53,038 INFO o.a.j.t.JMeterThread: Thread started: Thread Group 1-72
2018-02-27 15:51:53,038 INFO o.a.j.t.JMeterThread: Thread is done: Thread Group 1-72
2018-02-27 15:51:53,039 INFO o.a.j.t.JMeterThread: Thread finished: Thread Group 1-72
2018-02-27 15:51:53,053 INFO o.a.j.t.JMeterThread: Thread started: Thread Group 1-73
2018-02-27 15:51:53,054 INFO o.a.j.t.JMeterThread: Thread is done: Thread Group 1-73
2018-02-27 15:51:53,054 INFO o.a.j.t.JMeterThread: Thread finished: Thread Group 1-73
2018-02-27 15:51:53,064 INFO o.a.j.t.JMeterThread: Thread started: Thread Group 1-74
2018-02-27 15:51:53,064 INFO o.a.j.t.JMeterThread: Thread is done: Thread Group 1-74
2018-02-27 15:51:53,064 INFO o.a.j.t.JMeterThread: Thread finished: Thread Group 1-74
2018-02-27 15:51:53,074 INFO o.a.j.t.JMeterThread: Thread started: Thread Group 1-75
2018-02-27 15:51:53,074 INFO o.a.j.t.JMeterThread: Thread is done: Thread Group 1-75
2018-02-27 15:51:53,074 INFO o.a.j.t.JMeterThread: Thread finished: Thread Group 1-75
2018-02-27 15:51:53,084 INFO o.a.j.t.JMeterThread: Thread started: Thread Group 1-76
2018-02-27 15:51:53,085 INFO o.a.j.t.JMeterThread: Thread is done: Thread Group 1-76
2018-02-27 15:51:53,085 INFO o.a.j.t.JMeterThread: Thread finished: Thread Group 1-76
2018-02-27 15:51:53,094 INFO o.a.j.t.JMeterThread: Thread started: Thread Group 1-77
2018-02-27 15:51:53,095 INFO o.a.j.t.JMeterThread: Thread is done: Thread Group 1-77
2018-02-27 15:51:53,095 INFO o.a.j.t.JMeterThread: Thread finished: Thread Group 1-77
2018-02-27 15:51:53,105 INFO o.a.j.t.JMeterThread: Thread started: Thread Group 1-78
2018-02-27 15:51:53,105 INFO o.a.j.t.JMeterThread: Thread is done: Thread Group 1-78
2018-02-27 15:51:53,105 INFO o.a.j.t.JMeterThread: Thread finished: Thread Group 1-78
2018-02-27 15:51:53,115 INFO o.a.j.t.JMeterThread: Thread started: Thread Group 1-79
2018-02-27 15:51:53,115 INFO o.a.j.t.JMeterThread: Thread is done: Thread Group 1-79
2018-02-27 15:51:53,116 INFO o.a.j.t.JMeterThread: Thread finished: Thread Group 1-79
2018-02-27 15:51:53,125 INFO o.a.j.t.JMeterThread: Thread started: Thread Group 1-80
2018-02-27 15:51:53,126 INFO o.a.j.t.JMeterThread: Thread is done: Thread Group 1-80
2018-02-27 15:51:53,126 INFO o.a.j.t.JMeterThread: Thread finished: Thread Group 1-80
2018-02-27 15:51:53,135 INFO o.a.j.t.JMeterThread: Thread started: Thread Group 1-81
2018-02-27 15:51:53,136 INFO o.a.j.t.JMeterThread: Thread is done: Thread Group 1-81
2018-02-27 15:51:53,136 INFO o.a.j.t.JMeterThread: Thread finished: Thread Group 1-81
2018-02-27 15:51:53,146 INFO o.a.j.t.JMeterThread: Thread started: Thread Group 1-82
2018-02-27 15:51:53,146 INFO o.a.j.t.JMeterThread: Thread is done: Thread Group 1-82
2018-02-27 15:51:53,146 INFO o.a.j.t.JMeterThread: Thread finished: Thread Group 1-82
2018-02-27 15:51:53,156 INFO o.a.j.t.JMeterThread: Thread started: Thread Group 1-83
2018-02-27 15:51:53,156 INFO o.a.j.t.JMeterThread: Thread is done: Thread Group 1-83
2018-02-27 15:51:53,156 INFO o.a.j.t.JMeterThread: Thread finished: Thread Group 1-83
2018-02-27 15:51:53,166 INFO o.a.j.t.JMeterThread: Thread started: Thread Group 1-84
2018-02-27 15:51:53,166 INFO o.a.j.t.JMeterThread: Thread is done: Thread Group 1-84
2018-02-27 15:51:53,166 INFO o.a.j.t.JMeterThread: Thread finished: Thread Group 1-84
2018-02-27 15:51:53,176 INFO o.a.j.t.JMeterThread: Thread started: Thread Group 1-85
2018-02-27 15:51:53,176 INFO o.a.j.t.JMeterThread: Thread is done: Thread Group 1-85
2018-02-27 15:51:53,176 INFO o.a.j.t.JMeterThread: Thread finished: Thread Group 1-85
2018-02-27 15:51:53,187 INFO o.a.j.t.JMeterThread: Thread started: Thread Group 1-86
2018-02-27 15:51:53,187 INFO o.a.j.t.JMeterThread: Thread is done: Thread Group 1-86
2018-02-27 15:51:53,187 INFO o.a.j.t.JMeterThread: Thread finished: Thread Group 1-86
2018-02-27 15:51:53,199 INFO o.a.j.t.JMeterThread: Thread started: Thread Group 1-87
2018-02-27 15:51:53,199 INFO o.a.j.t.JMeterThread: Thread is done: Thread Group 1-87
2018-02-27 15:51:53,199 INFO o.a.j.t.JMeterThread: Thread finished: Thread Group 1-87
2018-02-27 15:51:53,209 INFO o.a.j.t.JMeterThread: Thread started: Thread Group 1-88
2018-02-27 15:51:53,209 INFO o.a.j.t.JMeterThread: Thread is done: Thread Group 1-88
2018-02-27 15:51:53,210 INFO o.a.j.t.JMeterThread: Thread finished: Thread Group 1-88
2018-02-27 15:51:53,221 INFO o.a.j.t.JMeterThread: Thread started: Thread Group 1-89
2018-02-27 15:51:53,221 INFO o.a.j.t.JMeterThread: Thread is done: Thread Group 1-89
2018-02-27 15:51:53,221 INFO o.a.j.t.JMeterThread: Thread finished: Thread Group 1-89
2018-02-27 15:51:53,234 INFO o.a.j.t.JMeterThread: Thread started: Thread Group 1-90
2018-02-27 15:51:53,234 INFO o.a.j.t.JMeterThread: Thread is done: Thread Group 1-90
2018-02-27 15:51:53,234 INFO o.a.j.t.JMeterThread: Thread finished: Thread Group 1-90
2018-02-27 15:51:53,245 INFO o.a.j.t.JMeterThread: Thread started: Thread Group 1-91
2018-02-27 15:51:53,245 INFO o.a.j.t.JMeterThread: Thread is done: Thread Group 1-91
2018-02-27 15:51:53,245 INFO o.a.j.t.JMeterThread: Thread finished: Thread Group 1-91
2018-02-27 15:51:53,255 INFO o.a.j.t.JMeterThread: Thread started: Thread Group 1-92
2018-02-27 15:51:53,255 INFO o.a.j.t.JMeterThread: Thread is done: Thread Group 1-92
2018-02-27 15:51:53,255 INFO o.a.j.t.JMeterThread: Thread finished: Thread Group 1-92
2018-02-27 15:51:53,265 INFO o.a.j.t.JMeterThread: Thread started: Thread Group 1-93
2018-02-27 15:51:53,266 INFO o.a.j.t.JMeterThread: Thread is done: Thread Group 1-93
2018-02-27 15:51:53,266 INFO o.a.j.t.JMeterThread: Thread finished: Thread Group 1-93
2018-02-27 15:51:53,275 INFO o.a.j.t.JMeterThread: Thread started: Thread Group 1-94
2018-02-27 15:51:53,276 INFO o.a.j.t.JMeterThread: Thread is done: Thread Group 1-94
2018-02-27 15:51:53,276 INFO o.a.j.t.JMeterThread: Thread finished: Thread Group 1-94
2018-02-27 15:51:53,285 INFO o.a.j.t.JMeterThread: Thread started: Thread Group 1-95
2018-02-27 15:51:53,286 INFO o.a.j.t.JMeterThread: Thread is done: Thread Group 1-95
2018-02-27 15:51:53,286 INFO o.a.j.t.JMeterThread: Thread finished: Thread Group 1-95
2018-02-27 15:51:53,295 INFO o.a.j.t.JMeterThread: Thread started: Thread Group 1-96
2018-02-27 15:51:53,296 INFO o.a.j.t.JMeterThread: Thread is done: Thread Group 1-96
2018-02-27 15:51:53,296 INFO o.a.j.t.JMeterThread: Thread finished: Thread Group 1-96
2018-02-27 15:51:53,306 INFO o.a.j.t.JMeterThread: Thread started: Thread Group 1-97
2018-02-27 15:51:53,306 INFO o.a.j.t.JMeterThread: Thread is done: Thread Group 1-97
2018-02-27 15:51:53,306 INFO o.a.j.t.JMeterThread: Thread finished: Thread Group 1-97
2018-02-27 15:51:53,316 INFO o.a.j.t.JMeterThread: Thread started: Thread Group 1-98
2018-02-27 15:51:53,316 INFO o.a.j.t.JMeterThread: Thread is done: Thread Group 1-98
2018-02-27 15:51:53,316 INFO o.a.j.t.JMeterThread: Thread finished: Thread Group 1-98
2018-02-27 15:51:53,326 INFO o.a.j.t.JMeterThread: Thread started: Thread Group 1-99
2018-02-27 15:51:53,326 INFO o.a.j.t.JMeterThread: Thread is done: Thread Group 1-99
2018-02-27 15:51:53,326 INFO o.a.j.t.JMeterThread: Thread finished: Thread Group 1-99
2018-02-27 15:51:53,336 INFO o.a.j.t.JMeterThread: Thread started: Thread Group 1-100
2018-02-27 15:51:53,336 INFO o.a.j.t.JMeterThread: Thread is done: Thread Group 1-100
2018-02-27 15:51:53,336 INFO o.a.j.t.JMeterThread: Thread finished: Thread Group 1-100
2018-02-27 15:51:53,337 INFO o.a.j.e.StandardJMeterEngine: Notifying test listeners of end of test
2018-02-27 15:51:53,337 INFO o.a.j.g.u.JMeterMenuBar: setRunning(false, *local*)
2018-02-27 15:51:54,536 INFO o.a.j.e.StandardJMeterEngine: Running the test!
2018-02-27 15:51:54,536 INFO o.a.j.s.SampleEvent: List of sample_variables: []
2018-02-27 15:51:54,537 INFO o.a.j.g.u.JMeterMenuBar: setRunning(true, *local*)
2018-02-27 15:51:54,647 INFO o.a.j.e.StandardJMeterEngine: Starting ThreadGroup: 1 : Thread Group
2018-02-27 15:51:54,647 INFO o.a.j.e.StandardJMeterEngine: Starting 100 threads for group Thread Group.
2018-02-27 15:51:54,647 INFO o.a.j.e.StandardJMeterEngine: Thread will continue on error
2018-02-27 15:51:54,647 INFO o.a.j.t.ThreadGroup: Starting thread group... number=1 threads=100 ramp-up=1 perThread=10.0 delayedStart=false
2018-02-27 15:51:54,648 INFO o.a.j.t.JMeterThread: Thread started: Thread Group 1-1
2018-02-27 15:51:54,648 INFO o.a.j.t.JMeterThread: Thread is done: Thread Group 1-1
2018-02-27 15:51:54,648 INFO o.a.j.t.JMeterThread: Thread finished: Thread Group 1-1
2018-02-27 15:51:54,665 INFO o.a.j.t.JMeterThread: Thread started: Thread Group 1-2
2018-02-27 15:51:54,665 INFO o.a.j.t.JMeterThread: Thread is done: Thread Group 1-2
2018-02-27 15:51:54,666 INFO o.a.j.t.JMeterThread: Thread finished: Thread Group 1-2
2018-02-27 15:51:54,675 INFO o.a.j.t.JMeterThread: Thread started: Thread Group 1-3
2018-02-27 15:51:54,676 INFO o.a.j.t.JMeterThread: Thread is done: Thread Group 1-3
2018-02-27 15:51:54,676 INFO o.a.j.t.JMeterThread: Thread finished: Thread Group 1-3
2018-02-27 15:51:54,685 INFO o.a.j.t.JMeterThread: Thread started: Thread Group 1-4
2018-02-27 15:51:54,686 INFO o.a.j.t.JMeterThread: Thread is done: Thread Group 1-4
2018-02-27 15:51:54,686 INFO o.a.j.t.JMeterThread: Thread finished: Thread Group 1-4
2018-02-27 15:51:54,693 INFO o.a.j.t.ThreadGroup: Started thread group number 1
2018-02-27 15:51:54,693 INFO o.a.j.e.StandardJMeterEngine: All thread groups have been started
2018-02-27 15:51:54,696 INFO o.a.j.t.JMeterThread: Thread started: Thread Group 1-5
2018-02-27 15:51:54,696 INFO o.a.j.t.JMeterThread: Thread is done: Thread Group 1-5
2018-02-27 15:51:54,696 INFO o.a.j.t.JMeterThread: Thread finished: Thread Group 1-5
2018-02-27 15:51:54,708 INFO o.a.j.t.JMeterThread: Thread started: Thread Group 1-6
2018-02-27 15:51:54,708 INFO o.a.j.t.JMeterThread: Thread is done: Thread Group 1-6
2018-02-27 15:51:54,708 INFO o.a.j.t.JMeterThread: Thread finished: Thread Group 1-6
2018-02-27 15:51:54,729 INFO o.a.j.t.JMeterThread: Thread started: Thread Group 1-7
2018-02-27 15:51:54,729 INFO o.a.j.t.JMeterThread: Thread is done: Thread Group 1-7
2018-02-27 15:51:54,730 INFO o.a.j.t.JMeterThread: Thread finished: Thread Group 1-7
2018-02-27 15:51:54,733 INFO o.a.j.t.JMeterThread: Thread started: Thread Group 1-8
2018-02-27 15:51:54,734 INFO o.a.j.t.JMeterThread: Thread is done: Thread Group 1-8
2018-02-27 15:51:54,734 INFO o.a.j.t.JMeterThread: Thread finished: Thread Group 1-8
2018-02-27 15:51:54,753 INFO o.a.j.t.JMeterThread: Thread started: Thread Group 1-9
2018-02-27 15:51:54,754 INFO o.a.j.t.JMeterThread: Thread is done: Thread Group 1-9
2018-02-27 15:51:54,754 INFO o.a.j.t.JMeterThread: Thread finished: Thread Group 1-9
2018-02-27 15:51:54,767 INFO o.a.j.t.JMeterThread: Thread started: Thread Group 1-10
2018-02-27 15:51:54,768 INFO o.a.j.t.JMeterThread: Thread is done: Thread Group 1-10
2018-02-27 15:51:54,768 INFO o.a.j.t.JMeterThread: Thread finished: Thread Group 1-10
2018-02-27 15:51:54,777 INFO o.a.j.t.JMeterThread: Thread started: Thread Group 1-11
2018-02-27 15:51:54,778 INFO o.a.j.t.JMeterThread: Thread is done: Thread Group 1-11
2018-02-27 15:51:54,778 INFO o.a.j.t.JMeterThread: Thread finished: Thread Group 1-11
2018-02-27 15:51:54,787 INFO o.a.j.t.JMeterThread: Thread started: Thread Group 1-12
2018-02-27 15:51:54,788 INFO o.a.j.t.JMeterThread: Thread is done: Thread Group 1-12
2018-02-27 15:51:54,788 INFO o.a.j.t.JMeterThread: Thread finished: Thread Group 1-12
2018-02-27 15:51:54,798 INFO o.a.j.t.JMeterThread: Thread started: Thread Group 1-13
2018-02-27 15:51:54,798 INFO o.a.j.t.JMeterThread: Thread is done: Thread Group 1-13
2018-02-27 15:51:54,798 INFO o.a.j.t.JMeterThread: Thread finished: Thread Group 1-13
2018-02-27 15:51:54,808 INFO o.a.j.t.JMeterThread: Thread started: Thread Group 1-14
2018-02-27 15:51:54,808 INFO o.a.j.t.JMeterThread: Thread is done: Thread Group 1-14
2018-02-27 15:51:54,809 INFO o.a.j.t.JMeterThread: Thread finished: Thread Group 1-14
2018-02-27 15:51:54,819 INFO o.a.j.t.JMeterThread: Thread started: Thread Group 1-15
2018-02-27 15:51:54,819 INFO o.a.j.t.JMeterThread: Thread is done: Thread Group 1-15
2018-02-27 15:51:54,819 INFO o.a.j.t.JMeterThread: Thread finished: Thread Group 1-15
2018-02-27 15:51:54,829 INFO o.a.j.t.JMeterThread: Thread started: Thread Group 1-16
2018-02-27 15:51:54,829 INFO o.a.j.t.JMeterThread: Thread is done: Thread Group 1-16
2018-02-27 15:51:54,829 INFO o.a.j.t.JMeterThread: Thread finished: Thread Group 1-16
2018-02-27 15:51:54,839 INFO o.a.j.t.JMeterThread: Thread started: Thread Group 1-17
2018-02-27 15:51:54,840 INFO o.a.j.t.JMeterThread: Thread is done: Thread Group 1-17
2018-02-27 15:51:54,840 INFO o.a.j.t.JMeterThread: Thread finished: Thread Group 1-17
2018-02-27 15:51:54,849 INFO o.a.j.t.JMeterThread: Thread started: Thread Group 1-18
2018-02-27 15:51:54,850 INFO o.a.j.t.JMeterThread: Thread is done: Thread Group 1-18
2018-02-27 15:51:54,850 INFO o.a.j.t.JMeterThread: Thread finished: Thread Group 1-18
2018-02-27 15:51:54,859 INFO o.a.j.t.JMeterThread: Thread started: Thread Group 1-19
2018-02-27 15:51:54,860 INFO o.a.j.t.JMeterThread: Thread is done: Thread Group 1-19
2018-02-27 15:51:54,860 INFO o.a.j.t.JMeterThread: Thread finished: Thread Group 1-19
2018-02-27 15:51:54,870 INFO o.a.j.t.JMeterThread: Thread started: Thread Group 1-20
2018-02-27 15:51:54,870 INFO o.a.j.t.JMeterThread: Thread is done: Thread Group 1-20
2018-02-27 15:51:54,870 INFO o.a.j.t.JMeterThread: Thread finished: Thread Group 1-20
2018-02-27 15:51:54,880 INFO o.a.j.t.JMeterThread: Thread started: Thread Group 1-21
2018-02-27 15:51:54,880 INFO o.a.j.t.JMeterThread: Thread is done: Thread Group 1-21
2018-02-27 15:51:54,880 INFO o.a.j.t.JMeterThread: Thread finished: Thread Group 1-21
2018-02-27 15:51:54,890 INFO o.a.j.t.JMeterThread: Thread started: Thread Group 1-22
2018-02-27 15:51:54,891 INFO o.a.j.t.JMeterThread: Thread is done: Thread Group 1-22
2018-02-27 15:51:54,891 INFO o.a.j.t.JMeterThread: Thread finished: Thread Group 1-22
2018-02-27 15:51:54,900 INFO o.a.j.t.JMeterThread: Thread started: Thread Group 1-23
2018-02-27 15:51:54,901 INFO o.a.j.t.JMeterThread: Thread is done: Thread Group 1-23
2018-02-27 15:51:54,901 INFO o.a.j.t.JMeterThread: Thread finished: Thread Group 1-23
2018-02-27 15:51:54,911 INFO o.a.j.t.JMeterThread: Thread started: Thread Group 1-24
2018-02-27 15:51:54,911 INFO o.a.j.t.JMeterThread: Thread is done: Thread Group 1-24
2018-02-27 15:51:54,911 INFO o.a.j.t.JMeterThread: Thread finished: Thread Group 1-24
2018-02-27 15:51:54,923 INFO o.a.j.t.JMeterThread: Thread started: Thread Group 1-25
2018-02-27 15:51:54,923 INFO o.a.j.t.JMeterThread: Thread is done: Thread Group 1-25
2018-02-27 15:51:54,923 INFO o.a.j.t.JMeterThread: Thread finished: Thread Group 1-25
2018-02-27 15:51:54,933 INFO o.a.j.t.JMeterThread: Thread started: Thread Group 1-26
2018-02-27 15:51:54,933 INFO o.a.j.t.JMeterThread: Thread is done: Thread Group 1-26
2018-02-27 15:51:54,933 INFO o.a.j.t.JMeterThread: Thread finished: Thread Group 1-26
2018-02-27 15:51:54,943 INFO o.a.j.t.JMeterThread: Thread started: Thread Group 1-27
2018-02-27 15:51:54,943 INFO o.a.j.t.JMeterThread: Thread is done: Thread Group 1-27
2018-02-27 15:51:54,944 INFO o.a.j.t.JMeterThread: Thread finished: Thread Group 1-27
2018-02-27 15:51:54,953 INFO o.a.j.t.JMeterThread: Thread started: Thread Group 1-28
2018-02-27 15:51:54,954 INFO o.a.j.t.JMeterThread: Thread is done: Thread Group 1-28
2018-02-27 15:51:54,954 INFO o.a.j.t.JMeterThread: Thread finished: Thread Group 1-28
2018-02-27 15:51:54,963 INFO o.a.j.t.JMeterThread: Thread started: Thread Group 1-29
2018-02-27 15:51:54,963 INFO o.a.j.t.JMeterThread: Thread is done: Thread Group 1-29
2018-02-27 15:51:54,964 INFO o.a.j.t.JMeterThread: Thread finished: Thread Group 1-29
2018-02-27 15:51:54,973 INFO o.a.j.t.JMeterThread: Thread started: Thread Group 1-30
2018-02-27 15:51:54,974 INFO o.a.j.t.JMeterThread: Thread is done: Thread Group 1-30
2018-02-27 15:51:54,974 INFO o.a.j.t.JMeterThread: Thread finished: Thread Group 1-30
2018-02-27 15:51:54,983 INFO o.a.j.t.JMeterThread: Thread started: Thread Group 1-31
2018-02-27 15:51:54,984 INFO o.a.j.t.JMeterThread: Thread is done: Thread Group 1-31
2018-02-27 15:51:54,984 INFO o.a.j.t.JMeterThread: Thread finished: Thread Group 1-31
2018-02-27 15:51:54,994 INFO o.a.j.t.JMeterThread: Thread started: Thread Group 1-32
2018-02-27 15:51:54,994 INFO o.a.j.t.JMeterThread: Thread is done: Thread Group 1-32
2018-02-27 15:51:54,994 INFO o.a.j.t.JMeterThread: Thread finished: Thread Group 1-32
2018-02-27 15:51:55,004 INFO o.a.j.t.JMeterThread: Thread started: Thread Group 1-33
2018-02-27 15:51:55,004 INFO o.a.j.t.JMeterThread: Thread is done: Thread Group 1-33
2018-02-27 15:51:55,004 INFO o.a.j.t.JMeterThread: Thread finished: Thread Group 1-33
2018-02-27 15:51:55,014 INFO o.a.j.t.JMeterThread: Thread started: Thread Group 1-34
2018-02-27 15:51:55,014 INFO o.a.j.t.JMeterThread: Thread is done: Thread Group 1-34
2018-02-27 15:51:55,014 INFO o.a.j.t.JMeterThread: Thread finished: Thread Group 1-34
2018-02-27 15:51:55,024 INFO o.a.j.t.JMeterThread: Thread started: Thread Group 1-35
2018-02-27 15:51:55,024 INFO o.a.j.t.JMeterThread: Thread is done: Thread Group 1-35
2018-02-27 15:51:55,024 INFO o.a.j.t.JMeterThread: Thread finished: Thread Group 1-35
2018-02-27 15:51:55,034 INFO o.a.j.t.JMeterThread: Thread started: Thread Group 1-36
2018-02-27 15:51:55,034 INFO o.a.j.t.JMeterThread: Thread is done: Thread Group 1-36
2018-02-27 15:51:55,034 INFO o.a.j.t.JMeterThread: Thread finished: Thread Group 1-36
2018-02-27 15:51:55,044 INFO o.a.j.t.JMeterThread: Thread started: Thread Group 1-37
2018-02-27 15:51:55,044 INFO o.a.j.t.JMeterThread: Thread is done: Thread Group 1-37
2018-02-27 15:51:55,044 INFO o.a.j.t.JMeterThread: Thread finished: Thread Group 1-37
2018-02-27 15:51:55,054 INFO o.a.j.t.JMeterThread: Thread started: Thread Group 1-38
2018-02-27 15:51:55,054 INFO o.a.j.t.JMeterThread: Thread is done: Thread Group 1-38
2018-02-27 15:51:55,054 INFO o.a.j.t.JMeterThread: Thread finished: Thread Group 1-38
2018-02-27 15:51:55,064 INFO o.a.j.t.JMeterThread: Thread started: Thread Group 1-39
2018-02-27 15:51:55,064 INFO o.a.j.t.JMeterThread: Thread is done: Thread Group 1-39
2018-02-27 15:51:55,064 INFO o.a.j.t.JMeterThread: Thread finished: Thread Group 1-39
2018-02-27 15:51:55,074 INFO o.a.j.t.JMeterThread: Thread started: Thread Group 1-40
2018-02-27 15:51:55,074 INFO o.a.j.t.JMeterThread: Thread is done: Thread Group 1-40
2018-02-27 15:51:55,074 INFO o.a.j.t.JMeterThread: Thread finished: Thread Group 1-40
2018-02-27 15:51:55,084 INFO o.a.j.t.JMeterThread: Thread started: Thread Group 1-41
2018-02-27 15:51:55,085 INFO o.a.j.t.JMeterThread: Thread is done: Thread Group 1-41
2018-02-27 15:51:55,085 INFO o.a.j.t.JMeterThread: Thread finished: Thread Group 1-41
2018-02-27 15:51:55,094 INFO o.a.j.t.JMeterThread: Thread started: Thread Group 1-42
2018-02-27 15:51:55,094 INFO o.a.j.t.JMeterThread: Thread is done: Thread Group 1-42
2018-02-27 15:51:55,095 INFO o.a.j.t.JMeterThread: Thread finished: Thread Group 1-42
2018-02-27 15:51:55,104 INFO o.a.j.t.JMeterThread: Thread started: Thread Group 1-43
2018-02-27 15:51:55,105 INFO o.a.j.t.JMeterThread: Thread is done: Thread Group 1-43
2018-02-27 15:51:55,105 INFO o.a.j.t.JMeterThread: Thread finished: Thread Group 1-43
2018-02-27 15:51:55,114 INFO o.a.j.t.JMeterThread: Thread started: Thread Group 1-44
2018-02-27 15:51:55,115 INFO o.a.j.t.JMeterThread: Thread is done: Thread Group 1-44
2018-02-27 15:51:55,115 INFO o.a.j.t.JMeterThread: Thread finished: Thread Group 1-44
2018-02-27 15:51:55,124 INFO o.a.j.t.JMeterThread: Thread started: Thread Group 1-45
2018-02-27 15:51:55,125 INFO o.a.j.t.JMeterThread: Thread is done: Thread Group 1-45
2018-02-27 15:51:55,125 INFO o.a.j.t.JMeterThread: Thread finished: Thread Group 1-45
2018-02-27 15:51:55,135 INFO o.a.j.t.JMeterThread: Thread started: Thread Group 1-46
2018-02-27 15:51:55,136 INFO o.a.j.t.JMeterThread: Thread is done: Thread Group 1-46
2018-02-27 15:51:55,136 INFO o.a.j.t.JMeterThread: Thread finished: Thread Group 1-46
2018-02-27 15:51:55,147 INFO o.a.j.t.JMeterThread: Thread started: Thread Group 1-47
2018-02-27 15:51:55,147 INFO o.a.j.t.JMeterThread: Thread is done: Thread Group 1-47
2018-02-27 15:51:55,147 INFO o.a.j.t.JMeterThread: Thread finished: Thread Group 1-47
2018-02-27 15:51:55,155 INFO o.a.j.t.JMeterThread: Thread started: Thread Group 1-48
2018-02-27 15:51:55,156 INFO o.a.j.t.JMeterThread: Thread is done: Thread Group 1-48
2018-02-27 15:51:55,156 INFO o.a.j.t.JMeterThread: Thread finished: Thread Group 1-48
2018-02-27 15:51:55,165 INFO o.a.j.t.JMeterThread: Thread started: Thread Group 1-49
2018-02-27 15:51:55,166 INFO o.a.j.t.JMeterThread: Thread is done: Thread Group 1-49
2018-02-27 15:51:55,166 INFO o.a.j.t.JMeterThread: Thread finished: Thread Group 1-49
2018-02-27 15:51:55,176 INFO o.a.j.t.JMeterThread: Thread started: Thread Group 1-50
2018-02-27 15:51:55,176 INFO o.a.j.t.JMeterThread: Thread is done: Thread Group 1-50
2018-02-27 15:51:55,176 INFO o.a.j.t.JMeterThread: Thread finished: Thread Group 1-50
2018-02-27 15:51:55,186 INFO o.a.j.t.JMeterThread: Thread started: Thread Group 1-51
2018-02-27 15:51:55,186 INFO o.a.j.t.JMeterThread: Thread is done: Thread Group 1-51
2018-02-27 15:51:55,186 INFO o.a.j.t.JMeterThread: Thread finished: Thread Group 1-51
2018-02-27 15:51:55,196 INFO o.a.j.t.JMeterThread: Thread started: Thread Group 1-52
2018-02-27 15:51:55,196 INFO o.a.j.t.JMeterThread: Thread is done: Thread Group 1-52
2018-02-27 15:51:55,196 INFO o.a.j.t.JMeterThread: Thread finished: Thread Group 1-52
2018-02-27 15:51:55,206 INFO o.a.j.t.JMeterThread: Thread started: Thread Group 1-53
2018-02-27 15:51:55,206 INFO o.a.j.t.JMeterThread: Thread is done: Thread Group 1-53
2018-02-27 15:51:55,206 INFO o.a.j.t.JMeterThread: Thread finished: Thread Group 1-53
2018-02-27 15:51:55,216 INFO o.a.j.t.JMeterThread: Thread started: Thread Group 1-54
2018-02-27 15:51:55,216 INFO o.a.j.t.JMeterThread: Thread is done: Thread Group 1-54
2018-02-27 15:51:55,216 INFO o.a.j.t.JMeterThread: Thread finished: Thread Group 1-54
2018-02-27 15:51:55,227 INFO o.a.j.t.JMeterThread: Thread started: Thread Group 1-55
2018-02-27 15:51:55,229 INFO o.a.j.t.JMeterThread: Thread is done: Thread Group 1-55
2018-02-27 15:51:55,229 INFO o.a.j.t.JMeterThread: Thread finished: Thread Group 1-55
2018-02-27 15:51:55,236 INFO o.a.j.t.JMeterThread: Thread started: Thread Group 1-56
2018-02-27 15:51:55,236 INFO o.a.j.t.JMeterThread: Thread is done: Thread Group 1-56
2018-02-27 15:51:55,236 INFO o.a.j.t.JMeterThread: Thread finished: Thread Group 1-56
2018-02-27 15:51:55,246 INFO o.a.j.t.JMeterThread: Thread started: Thread Group 1-57
2018-02-27 15:51:55,246 INFO o.a.j.t.JMeterThread: Thread is done: Thread Group 1-57
2018-02-27 15:51:55,246 INFO o.a.j.t.JMeterThread: Thread finished: Thread Group 1-57
2018-02-27 15:51:55,256 INFO o.a.j.t.JMeterThread: Thread started: Thread Group 1-58
2018-02-27 15:51:55,257 INFO o.a.j.t.JMeterThread: Thread is done: Thread Group 1-58
2018-02-27 15:51:55,257 INFO o.a.j.t.JMeterThread: Thread finished: Thread Group 1-58
2018-02-27 15:51:55,266 INFO o.a.j.t.JMeterThread: Thread started: Thread Group 1-59
2018-02-27 15:51:55,267 INFO o.a.j.t.JMeterThread: Thread is done: Thread Group 1-59
2018-02-27 15:51:55,267 INFO o.a.j.t.JMeterThread: Thread finished: Thread Group 1-59
2018-02-27 15:51:55,276 INFO o.a.j.t.JMeterThread: Thread started: Thread Group 1-60
2018-02-27 15:51:55,277 INFO o.a.j.t.JMeterThread: Thread is done: Thread Group 1-60
2018-02-27 15:51:55,277 INFO o.a.j.t.JMeterThread: Thread finished: Thread Group 1-60
2018-02-27 15:51:55,286 INFO o.a.j.t.JMeterThread: Thread started: Thread Group 1-61
2018-02-27 15:51:55,287 INFO o.a.j.t.JMeterThread: Thread is done: Thread Group 1-61
2018-02-27 15:51:55,287 INFO o.a.j.t.JMeterThread: Thread finished: Thread Group 1-61
2018-02-27 15:51:55,297 INFO o.a.j.t.JMeterThread: Thread started: Thread Group 1-62
2018-02-27 15:51:55,297 INFO o.a.j.t.JMeterThread: Thread is done: Thread Group 1-62
2018-02-27 15:51:55,297 INFO o.a.j.t.JMeterThread: Thread finished: Thread Group 1-62
2018-02-27 15:51:55,307 INFO o.a.j.t.JMeterThread: Thread started: Thread Group 1-63
2018-02-27 15:51:55,307 INFO o.a.j.t.JMeterThread: Thread is done: Thread Group 1-63
2018-02-27 15:51:55,307 INFO o.a.j.t.JMeterThread: Thread finished: Thread Group 1-63
2018-02-27 15:51:55,317 INFO o.a.j.t.JMeterThread: Thread started: Thread Group 1-64
2018-02-27 15:51:55,317 INFO o.a.j.t.JMeterThread: Thread is done: Thread Group 1-64
2018-02-27 15:51:55,317 INFO o.a.j.t.JMeterThread: Thread finished: Thread Group 1-64
2018-02-27 15:51:55,327 INFO o.a.j.t.JMeterThread: Thread started: Thread Group 1-65
2018-02-27 15:51:55,327 INFO o.a.j.t.JMeterThread: Thread is done: Thread Group 1-65
2018-02-27 15:51:55,327 INFO o.a.j.t.JMeterThread: Thread finished: Thread Group 1-65
2018-02-27 15:51:55,337 INFO o.a.j.t.JMeterThread: Thread started: Thread Group 1-66
2018-02-27 15:51:55,338 INFO o.a.j.t.JMeterThread: Thread is done: Thread Group 1-66
2018-02-27 15:51:55,338 INFO o.a.j.t.JMeterThread: Thread finished: Thread Group 1-66
2018-02-27 15:51:55,347 INFO o.a.j.t.JMeterThread: Thread started: Thread Group 1-67
2018-02-27 15:51:55,348 INFO o.a.j.t.JMeterThread: Thread is done: Thread Group 1-67
2018-02-27 15:51:55,348 INFO o.a.j.t.JMeterThread: Thread finished: Thread Group 1-67
2018-02-27 15:51:55,357 INFO o.a.j.t.JMeterThread: Thread started: Thread Group 1-68
2018-02-27 15:51:55,358 INFO o.a.j.t.JMeterThread: Thread is done: Thread Group 1-68
2018-02-27 15:51:55,358 INFO o.a.j.t.JMeterThread: Thread finished: Thread Group 1-68
2018-02-27 15:51:55,367 INFO o.a.j.t.JMeterThread: Thread started: Thread Group 1-69
2018-02-27 15:51:55,368 INFO o.a.j.t.JMeterThread: Thread is done: Thread Group 1-69
2018-02-27 15:51:55,368 INFO o.a.j.t.JMeterThread: Thread finished: Thread Group 1-69
2018-02-27 15:51:55,378 INFO o.a.j.t.JMeterThread: Thread started: Thread Group 1-70
2018-02-27 15:51:55,378 INFO o.a.j.t.JMeterThread: Thread is done: Thread Group 1-70
2018-02-27 15:51:55,378 INFO o.a.j.t.JMeterThread: Thread finished: Thread Group 1-70
2018-02-27 15:51:55,388 INFO o.a.j.t.JMeterThread: Thread started: Thread Group 1-71
2018-02-27 15:51:55,388 INFO o.a.j.t.JMeterThread: Thread is done: Thread Group 1-71
2018-02-27 15:51:55,388 INFO o.a.j.t.JMeterThread: Thread finished: Thread Group 1-71
2018-02-27 15:51:55,398 INFO o.a.j.t.JMeterThread: Thread started: Thread Group 1-72
2018-02-27 15:51:55,398 INFO o.a.j.t.JMeterThread: Thread is done: Thread Group 1-72
2018-02-27 15:51:55,398 INFO o.a.j.t.JMeterThread: Thread finished: Thread Group 1-72
2018-02-27 15:51:55,408 INFO o.a.j.t.JMeterThread: Thread started: Thread Group 1-73
2018-02-27 15:51:55,408 INFO o.a.j.t.JMeterThread: Thread is done: Thread Group 1-73
2018-02-27 15:51:55,408 INFO o.a.j.t.JMeterThread: Thread finished: Thread Group 1-73
2018-02-27 15:51:55,418 INFO o.a.j.t.JMeterThread: Thread started: Thread Group 1-74
2018-02-27 15:51:55,418 INFO o.a.j.t.JMeterThread: Thread is done: Thread Group 1-74
2018-02-27 15:51:55,418 INFO o.a.j.t.JMeterThread: Thread finished: Thread Group 1-74
2018-02-27 15:51:55,428 INFO o.a.j.t.JMeterThread: Thread started: Thread Group 1-75
2018-02-27 15:51:55,428 INFO o.a.j.t.JMeterThread: Thread is done: Thread Group 1-75
2018-02-27 15:51:55,428 INFO o.a.j.t.JMeterThread: Thread finished: Thread Group 1-75
2018-02-27 15:51:55,438 INFO o.a.j.t.JMeterThread: Thread started: Thread Group 1-76
2018-02-27 15:51:55,438 INFO o.a.j.t.JMeterThread: Thread is done: Thread Group 1-76
2018-02-27 15:51:55,438 INFO o.a.j.t.JMeterThread: Thread finished: Thread Group 1-76
2018-02-27 15:51:55,448 INFO o.a.j.t.JMeterThread: Thread started: Thread Group 1-77
2018-02-27 15:51:55,448 INFO o.a.j.t.JMeterThread: Thread is done: Thread Group 1-77
2018-02-27 15:51:55,448 INFO o.a.j.t.JMeterThread: Thread finished: Thread Group 1-77
2018-02-27 15:51:55,458 INFO o.a.j.t.JMeterThread: Thread started: Thread Group 1-78
2018-02-27 15:51:55,458 INFO o.a.j.t.JMeterThread: Thread is done: Thread Group 1-78
2018-02-27 15:51:55,458 INFO o.a.j.t.JMeterThread: Thread finished: Thread Group 1-78
2018-02-27 15:51:55,468 INFO o.a.j.t.JMeterThread: Thread started: Thread Group 1-79
2018-02-27 15:51:55,469 INFO o.a.j.t.JMeterThread: Thread is done: Thread Group 1-79
2018-02-27 15:51:55,469 INFO o.a.j.t.JMeterThread: Thread finished: Thread Group 1-79
2018-02-27 15:51:55,478 INFO o.a.j.t.JMeterThread: Thread started: Thread Group 1-80
2018-02-27 15:51:55,479 INFO o.a.j.t.JMeterThread: Thread is done: Thread Group 1-80
2018-02-27 15:51:55,479 INFO o.a.j.t.JMeterThread: Thread finished: Thread Group 1-80
2018-02-27 15:51:55,488 INFO o.a.j.t.JMeterThread: Thread started: Thread Group 1-81
2018-02-27 15:51:55,489 INFO o.a.j.t.JMeterThread: Thread is done: Thread Group 1-81
2018-02-27 15:51:55,489 INFO o.a.j.t.JMeterThread: Thread finished: Thread Group 1-81
2018-02-27 15:51:55,498 INFO o.a.j.t.JMeterThread: Thread started: Thread Group 1-82
2018-02-27 15:51:55,499 INFO o.a.j.t.JMeterThread: Thread is done: Thread Group 1-82
2018-02-27 15:51:55,499 INFO o.a.j.t.JMeterThread: Thread finished: Thread Group 1-82
2018-02-27 15:51:55,508 INFO o.a.j.t.JMeterThread: Thread started: Thread Group 1-83
2018-02-27 15:51:55,509 INFO o.a.j.t.JMeterThread: Thread is done: Thread Group 1-83
2018-02-27 15:51:55,509 INFO o.a.j.t.JMeterThread: Thread finished: Thread Group 1-83
2018-02-27 15:51:55,519 INFO o.a.j.t.JMeterThread: Thread started: Thread Group 1-84
2018-02-27 15:51:55,519 INFO o.a.j.t.JMeterThread: Thread is done: Thread Group 1-84
2018-02-27 15:51:55,519 INFO o.a.j.t.JMeterThread: Thread finished: Thread Group 1-84
2018-02-27 15:51:55,529 INFO o.a.j.t.JMeterThread: Thread started: Thread Group 1-85
2018-02-27 15:51:55,529 INFO o.a.j.t.JMeterThread: Thread is done: Thread Group 1-85
2018-02-27 15:51:55,529 INFO o.a.j.t.JMeterThread: Thread finished: Thread Group 1-85
2018-02-27 15:51:55,539 INFO o.a.j.t.JMeterThread: Thread started: Thread Group 1-86
2018-02-27 15:51:55,539 INFO o.a.j.t.JMeterThread: Thread is done: Thread Group 1-86
2018-02-27 15:51:55,539 INFO o.a.j.t.JMeterThread: Thread finished: Thread Group 1-86
2018-02-27 15:51:55,549 INFO o.a.j.t.JMeterThread: Thread started: Thread Group 1-87
2018-02-27 15:51:55,550 INFO o.a.j.t.JMeterThread: Thread is done: Thread Group 1-87
2018-02-27 15:51:55,550 INFO o.a.j.t.JMeterThread: Thread finished: Thread Group 1-87
2018-02-27 15:51:55,560 INFO o.a.j.t.JMeterThread: Thread started: Thread Group 1-88
2018-02-27 15:51:55,560 INFO o.a.j.t.JMeterThread: Thread is done: Thread Group 1-88
2018-02-27 15:51:55,560 INFO o.a.j.t.JMeterThread: Thread finished: Thread Group 1-88
2018-02-27 15:51:55,570 INFO o.a.j.t.JMeterThread: Thread started: Thread Group 1-89
2018-02-27 15:51:55,571 INFO o.a.j.t.JMeterThread: Thread is done: Thread Group 1-89
2018-02-27 15:51:55,571 INFO o.a.j.t.JMeterThread: Thread finished: Thread Group 1-89
2018-02-27 15:51:55,580 INFO o.a.j.t.JMeterThread: Thread started: Thread Group 1-90
2018-02-27 15:51:55,581 INFO o.a.j.t.JMeterThread: Thread is done: Thread Group 1-90
2018-02-27 15:51:55,581 INFO o.a.j.t.JMeterThread: Thread finished: Thread Group 1-90
2018-02-27 15:51:55,590 INFO o.a.j.t.JMeterThread: Thread started: Thread Group 1-91
2018-02-27 15:51:55,591 INFO o.a.j.t.JMeterThread: Thread is done: Thread Group 1-91
2018-02-27 15:51:55,591 INFO o.a.j.t.JMeterThread: Thread finished: Thread Group 1-91
2018-02-27 15:51:55,600 INFO o.a.j.t.JMeterThread: Thread started: Thread Group 1-92
2018-02-27 15:51:55,601 INFO o.a.j.t.JMeterThread: Thread is done: Thread Group 1-92
2018-02-27 15:51:55,601 INFO o.a.j.t.JMeterThread: Thread finished: Thread Group 1-92
2018-02-27 15:51:55,613 INFO o.a.j.t.JMeterThread: Thread started: Thread Group 1-93
2018-02-27 15:51:55,613 INFO o.a.j.t.JMeterThread: Thread is done: Thread Group 1-93
2018-02-27 15:51:55,613 INFO o.a.j.t.JMeterThread: Thread finished: Thread Group 1-93
2018-02-27 15:51:55,621 INFO o.a.j.t.JMeterThread: Thread started: Thread Group 1-94
2018-02-27 15:51:55,621 INFO o.a.j.t.JMeterThread: Thread is done: Thread Group 1-94
2018-02-27 15:51:55,621 INFO o.a.j.t.JMeterThread: Thread finished: Thread Group 1-94
2018-02-27 15:51:55,631 INFO o.a.j.t.JMeterThread: Thread started: Thread Group 1-95
2018-02-27 15:51:55,631 INFO o.a.j.t.JMeterThread: Thread is done: Thread Group 1-95
2018-02-27 15:51:55,631 INFO o.a.j.t.JMeterThread: Thread finished: Thread Group 1-95
2018-02-27 15:51:55,641 INFO o.a.j.t.JMeterThread: Thread started: Thread Group 1-96
2018-02-27 15:51:55,641 INFO o.a.j.t.JMeterThread: Thread is done: Thread Group 1-96
2018-02-27 15:51:55,642 INFO o.a.j.t.JMeterThread: Thread finished: Thread Group 1-96
2018-02-27 15:51:55,651 INFO o.a.j.t.JMeterThread: Thread started: Thread Group 1-97
2018-02-27 15:51:55,651 INFO o.a.j.t.JMeterThread: Thread is done: Thread Group 1-97
2018-02-27 15:51:55,651 INFO o.a.j.t.JMeterThread: Thread finished: Thread Group 1-97
2018-02-27 15:51:55,663 INFO o.a.j.t.JMeterThread: Thread started: Thread Group 1-98
2018-02-27 15:51:55,663 INFO o.a.j.t.JMeterThread: Thread is done: Thread Group 1-98
2018-02-27 15:51:55,663 INFO o.a.j.t.JMeterThread: Thread finished: Thread Group 1-98
2018-02-27 15:51:55,673 INFO o.a.j.t.JMeterThread: Thread started: Thread Group 1-99
2018-02-27 15:51:55,673 INFO o.a.j.t.JMeterThread: Thread is done: Thread Group 1-99
2018-02-27 15:51:55,673 INFO o.a.j.t.JMeterThread: Thread finished: Thread Group 1-99
2018-02-27 15:51:55,683 INFO o.a.j.t.JMeterThread: Thread started: Thread Group 1-100
2018-02-27 15:51:55,684 INFO o.a.j.t.JMeterThread: Thread is done: Thread Group 1-100
2018-02-27 15:51:55,684 INFO o.a.j.t.JMeterThread: Thread finished: Thread Group 1-100
2018-02-27 15:51:55,684 INFO o.a.j.e.StandardJMeterEngine: Notifying test listeners of end of test
2018-02-27 15:51:55,684 INFO o.a.j.g.u.JMeterMenuBar: setRunning(false, *local*)
